30-Mar-2017 07:18:09.257 INFO [main] org.apache.catalina.startup.VersionLoggerListener.log Server version:        Apache Tomcat/8.0.42
30-Mar-2017 07:18:09.275 INFO [main] org.apache.catalina.startup.VersionLoggerListener.log Server built:          Mar 8 2017 19:58:16 UTC
30-Mar-2017 07:18:09.276 INFO [main] org.apache.catalina.startup.VersionLoggerListener.log Server number:         8.0.42.0
30-Mar-2017 07:18:09.276 INFO [main] org.apache.catalina.startup.VersionLoggerListener.log OS Name:               Linux
30-Mar-2017 07:18:09.282 INFO [main] org.apache.catalina.startup.VersionLoggerListener.log OS Version:            3.13.0-98-generic
30-Mar-2017 07:18:09.283 INFO [main] org.apache.catalina.startup.VersionLoggerListener.log Architecture:          amd64
30-Mar-2017 07:18:09.284 INFO [main] org.apache.catalina.startup.VersionLoggerListener.log Java Home:             /usr/lib/jvm/java-8-oracle/jre
30-Mar-2017 07:18:09.285 INFO [main] org.apache.catalina.startup.VersionLoggerListener.log JVM Version:           1.8.0_121-b13
30-Mar-2017 07:18:09.285 INFO [main] org.apache.catalina.startup.VersionLoggerListener.log JVM Vendor:            Oracle Corporation
30-Mar-2017 07:18:09.286 INFO [main] org.apache.catalina.startup.VersionLoggerListener.log CATALINA_BASE:         /opt/tomcat8/apache-tomcat-8.0.42
30-Mar-2017 07:18:09.286 INFO [main] org.apache.catalina.startup.VersionLoggerListener.log CATALINA_HOME:         /opt/tomcat8/apache-tomcat-8.0.42
30-Mar-2017 07:18:09.297 INFO [main] org.apache.catalina.startup.VersionLoggerListener.log Command line argument: -Djava.util.logging.config.file=/opt/tomcat8/apache-tomcat-8.0.42/conf/logging.properties
30-Mar-2017 07:18:09.298 INFO [main] org.apache.catalina.startup.VersionLoggerListener.log Command line argument: -Djava.util.logging.manager=org.apache.juli.ClassLoaderLogManager
30-Mar-2017 07:18:09.298 INFO [main] org.apache.catalina.startup.VersionLoggerListener.log Command line argument: -Djdk.tls.ephemeralDHKeySize=2048
30-Mar-2017 07:18:09.299 INFO [main] org.apache.catalina.startup.VersionLoggerListener.log Command line argument: -Djava.protocol.handler.pkgs=org.apache.catalina.webresources
30-Mar-2017 07:18:09.299 INFO [main] org.apache.catalina.startup.VersionLoggerListener.log Command line argument: -Djava.endorsed.dirs=/opt/tomcat8/apache-tomcat-8.0.42/endorsed
30-Mar-2017 07:18:09.300 INFO [main] org.apache.catalina.startup.VersionLoggerListener.log Command line argument: -Dcatalina.base=/opt/tomcat8/apache-tomcat-8.0.42
30-Mar-2017 07:18:09.306 INFO [main] org.apache.catalina.startup.VersionLoggerListener.log Command line argument: -Dcatalina.home=/opt/tomcat8/apache-tomcat-8.0.42
30-Mar-2017 07:18:09.306 INFO [main] org.apache.catalina.startup.VersionLoggerListener.log Command line argument: -Djava.io.tmpdir=/opt/tomcat8/apache-tomcat-8.0.42/temp
30-Mar-2017 07:18:09.309 INFO [main] org.apache.catalina.core.AprLifecycleListener.lifecycleEvent The APR based Apache Tomcat Native library which allows optimal performance in production environments was not found on the java.library.path: /usr/java/packages/lib/amd64:/usr/lib64:/lib64:/lib:/usr/lib
30-Mar-2017 07:18:10.881 INFO [main] org.apache.coyote.AbstractProtocol.init Initializing ProtocolHandler ["http-nio-8080"]
30-Mar-2017 07:18:11.006 INFO [main] org.apache.tomcat.util.net.NioSelectorPool.getSharedSelector Using a shared selector for servlet write/read
30-Mar-2017 07:18:11.018 INFO [main] org.apache.coyote.AbstractProtocol.init Initializing ProtocolHandler ["ajp-nio-8009"]
30-Mar-2017 07:18:11.033 INFO [main] org.apache.tomcat.util.net.NioSelectorPool.getSharedSelector Using a shared selector for servlet write/read
30-Mar-2017 07:18:11.037 INFO [main] org.apache.catalina.startup.Catalina.load Initialization processed in 5804 ms
30-Mar-2017 07:18:11.237 INFO [main] org.apache.catalina.core.StandardService.startInternal Starting service Catalina
30-Mar-2017 07:18:11.237 INFO [main] org.apache.catalina.core.StandardEngine.startInternal Starting Servlet Engine: Apache Tomcat/8.0.42
30-Mar-2017 07:18:11.321 INFO [localhost-startStop-1] org.apache.catalina.startup.HostConfig.deployDirectory Deploying web application directory /opt/tomcat8/apache-tomcat-8.0.42/webapps/examples
30-Mar-2017 07:18:16.551 INFO [localhost-startStop-1] org.apache.catalina.startup.HostConfig.deployDirectory Deployment of web application directory /opt/tomcat8/apache-tomcat-8.0.42/webapps/examples has finished in 5,229 ms
30-Mar-2017 07:18:16.581 INFO [localhost-startStop-1] org.apache.catalina.startup.HostConfig.deployDirectory Deploying web application directory /opt/tomcat8/apache-tomcat-8.0.42/webapps/host-manager
30-Mar-2017 07:18:16.831 INFO [localhost-startStop-1] org.apache.catalina.startup.HostConfig.deployDirectory Deployment of web application directory /opt/tomcat8/apache-tomcat-8.0.42/webapps/host-manager has finished in 250 ms
30-Mar-2017 07:18:16.837 INFO [localhost-startStop-1] org.apache.catalina.startup.HostConfig.deployDirectory Deploying web application directory /opt/tomcat8/apache-tomcat-8.0.42/webapps/manager
30-Mar-2017 07:18:17.087 INFO [localhost-startStop-1] org.apache.catalina.startup.HostConfig.deployDirectory Deployment of web application directory /opt/tomcat8/apache-tomcat-8.0.42/webapps/manager has finished in 250 ms
30-Mar-2017 07:18:17.101 INFO [localhost-startStop-1] org.apache.catalina.startup.HostConfig.deployDirectory Deploying web application directory /opt/tomcat8/apache-tomcat-8.0.42/webapps/ROOT
30-Mar-2017 07:18:17.288 INFO [localhost-startStop-1] org.apache.catalina.startup.HostConfig.deployDirectory Deployment of web application directory /opt/tomcat8/apache-tomcat-8.0.42/webapps/ROOT has finished in 187 ms
30-Mar-2017 07:18:17.296 INFO [localhost-startStop-1] org.apache.catalina.startup.HostConfig.deployDirectory Deploying web application directory /opt/tomcat8/apache-tomcat-8.0.42/webapps/docs
30-Mar-2017 07:18:17.450 INFO [localhost-startStop-1] org.apache.catalina.startup.HostConfig.deployDirectory Deployment of web application directory /opt/tomcat8/apache-tomcat-8.0.42/webapps/docs has finished in 154 ms
30-Mar-2017 07:18:17.506 INFO [main] org.apache.coyote.AbstractProtocol.start Starting ProtocolHandler ["http-nio-8080"]
30-Mar-2017 07:18:17.632 INFO [main] org.apache.coyote.AbstractProtocol.start Starting ProtocolHandler ["ajp-nio-8009"]
30-Mar-2017 07:18:17.680 INFO [main] org.apache.catalina.startup.Catalina.start Server startup in 6642 ms
30-Mar-2017 07:19:47.058 WARNING [http-nio-8080-exec-10] org.apache.catalina.realm.LockOutRealm.filterLockedAccounts An attempt was made to authenticate the locked user "tomcat"
30-Mar-2017 07:19:47.699 WARNING [http-nio-8080-exec-1] org.apache.catalina.realm.LockOutRealm.filterLockedAccounts An attempt was made to authenticate the locked user "tomcat"
30-Mar-2017 07:19:49.732 WARNING [http-nio-8080-exec-1] org.apache.catalina.realm.LockOutRealm.filterLockedAccounts An attempt was made to authenticate the locked user "tomcat"
30-Mar-2017 07:21:06.630 INFO [main] org.apache.catalina.core.StandardServer.await A valid shutdown command was received via the shutdown port. Stopping the Server instance.
30-Mar-2017 07:21:06.632 INFO [main] org.apache.coyote.AbstractProtocol.pause Pausing ProtocolHandler ["http-nio-8080"]
30-Mar-2017 07:21:06.662 INFO [main] org.apache.coyote.AbstractProtocol.pause Pausing ProtocolHandler ["ajp-nio-8009"]
30-Mar-2017 07:21:06.666 INFO [main] org.apache.catalina.core.StandardService.stopInternal Stopping service Catalina
30-Mar-2017 07:21:06.809 INFO [main] org.apache.coyote.AbstractProtocol.stop Stopping ProtocolHandler ["http-nio-8080"]
30-Mar-2017 07:21:06.812 INFO [main] org.apache.coyote.AbstractProtocol.stop Stopping ProtocolHandler ["ajp-nio-8009"]
30-Mar-2017 07:21:06.815 INFO [main] org.apache.coyote.AbstractProtocol.destroy Destroying ProtocolHandler ["http-nio-8080"]
30-Mar-2017 07:21:06.817 INFO [main] org.apache.coyote.AbstractProtocol.destroy Destroying ProtocolHandler ["ajp-nio-8009"]
30-Mar-2017 07:21:09.961 INFO [main] org.apache.catalina.startup.VersionLoggerListener.log Server version:        Apache Tomcat/8.0.42
30-Mar-2017 07:21:09.973 INFO [main] org.apache.catalina.startup.VersionLoggerListener.log Server built:          Mar 8 2017 19:58:16 UTC
30-Mar-2017 07:21:09.974 INFO [main] org.apache.catalina.startup.VersionLoggerListener.log Server number:         8.0.42.0
30-Mar-2017 07:21:09.975 INFO [main] org.apache.catalina.startup.VersionLoggerListener.log OS Name:               Linux
30-Mar-2017 07:21:09.976 INFO [main] org.apache.catalina.startup.VersionLoggerListener.log OS Version:            3.13.0-98-generic
30-Mar-2017 07:21:09.976 INFO [main] org.apache.catalina.startup.VersionLoggerListener.log Architecture:          amd64
30-Mar-2017 07:21:09.976 INFO [main] org.apache.catalina.startup.VersionLoggerListener.log Java Home:             /usr/lib/jvm/java-8-oracle/jre
30-Mar-2017 07:21:09.977 INFO [main] org.apache.catalina.startup.VersionLoggerListener.log JVM Version:           1.8.0_121-b13
30-Mar-2017 07:21:09.979 INFO [main] org.apache.catalina.startup.VersionLoggerListener.log JVM Vendor:            Oracle Corporation
30-Mar-2017 07:21:09.980 INFO [main] org.apache.catalina.startup.VersionLoggerListener.log CATALINA_BASE:         /opt/tomcat8/apache-tomcat-8.0.42
30-Mar-2017 07:21:09.981 INFO [main] org.apache.catalina.startup.VersionLoggerListener.log CATALINA_HOME:         /opt/tomcat8/apache-tomcat-8.0.42
30-Mar-2017 07:21:09.982 INFO [main] org.apache.catalina.startup.VersionLoggerListener.log Command line argument: -Djava.util.logging.config.file=/opt/tomcat8/apache-tomcat-8.0.42/conf/logging.properties
30-Mar-2017 07:21:09.991 INFO [main] org.apache.catalina.startup.VersionLoggerListener.log Command line argument: -Djava.util.logging.manager=org.apache.juli.ClassLoaderLogManager
30-Mar-2017 07:21:09.992 INFO [main] org.apache.catalina.startup.VersionLoggerListener.log Command line argument: -Djdk.tls.ephemeralDHKeySize=2048
30-Mar-2017 07:21:09.993 INFO [main] org.apache.catalina.startup.VersionLoggerListener.log Command line argument: -Djava.protocol.handler.pkgs=org.apache.catalina.webresources
30-Mar-2017 07:21:09.994 INFO [main] org.apache.catalina.startup.VersionLoggerListener.log Command line argument: -Djava.endorsed.dirs=/opt/tomcat8/apache-tomcat-8.0.42/endorsed
30-Mar-2017 07:21:09.996 INFO [main] org.apache.catalina.startup.VersionLoggerListener.log Command line argument: -Dcatalina.base=/opt/tomcat8/apache-tomcat-8.0.42
30-Mar-2017 07:21:09.998 INFO [main] org.apache.catalina.startup.VersionLoggerListener.log Command line argument: -Dcatalina.home=/opt/tomcat8/apache-tomcat-8.0.42
30-Mar-2017 07:21:09.999 INFO [main] org.apache.catalina.startup.VersionLoggerListener.log Command line argument: -Djava.io.tmpdir=/opt/tomcat8/apache-tomcat-8.0.42/temp
30-Mar-2017 07:21:10.000 INFO [main] org.apache.catalina.core.AprLifecycleListener.lifecycleEvent The APR based Apache Tomcat Native library which allows optimal performance in production environments was not found on the java.library.path: /usr/java/packages/lib/amd64:/usr/lib64:/lib64:/lib:/usr/lib
30-Mar-2017 07:21:10.611 INFO [main] org.apache.coyote.AbstractProtocol.init Initializing ProtocolHandler ["http-nio-8080"]
30-Mar-2017 07:21:10.690 INFO [main] org.apache.tomcat.util.net.NioSelectorPool.getSharedSelector Using a shared selector for servlet write/read
30-Mar-2017 07:21:10.697 INFO [main] org.apache.coyote.AbstractProtocol.init Initializing ProtocolHandler ["ajp-nio-8009"]
30-Mar-2017 07:21:10.711 INFO [main] org.apache.tomcat.util.net.NioSelectorPool.getSharedSelector Using a shared selector for servlet write/read
30-Mar-2017 07:21:10.718 INFO [main] org.apache.catalina.startup.Catalina.load Initialization processed in 2464 ms
30-Mar-2017 07:21:10.840 INFO [main] org.apache.catalina.core.StandardService.startInternal Starting service Catalina
30-Mar-2017 07:21:10.853 INFO [main] org.apache.catalina.core.StandardEngine.startInternal Starting Servlet Engine: Apache Tomcat/8.0.42
30-Mar-2017 07:21:10.895 INFO [localhost-startStop-1] org.apache.catalina.startup.HostConfig.deployDirectory Deploying web application directory /opt/tomcat8/apache-tomcat-8.0.42/webapps/examples
30-Mar-2017 07:21:13.466 INFO [localhost-startStop-1] org.apache.catalina.startup.HostConfig.deployDirectory Deployment of web application directory /opt/tomcat8/apache-tomcat-8.0.42/webapps/examples has finished in 2,570 ms
30-Mar-2017 07:21:13.471 INFO [localhost-startStop-1] org.apache.catalina.startup.HostConfig.deployDirectory Deploying web application directory /opt/tomcat8/apache-tomcat-8.0.42/webapps/host-manager
30-Mar-2017 07:21:13.592 INFO [localhost-startStop-1] org.apache.catalina.startup.HostConfig.deployDirectory Deployment of web application directory /opt/tomcat8/apache-tomcat-8.0.42/webapps/host-manager has finished in 122 ms
30-Mar-2017 07:21:13.595 INFO [localhost-startStop-1] org.apache.catalina.startup.HostConfig.deployDirectory Deploying web application directory /opt/tomcat8/apache-tomcat-8.0.42/webapps/manager
30-Mar-2017 07:21:13.714 INFO [localhost-startStop-1] org.apache.catalina.startup.HostConfig.deployDirectory Deployment of web application directory /opt/tomcat8/apache-tomcat-8.0.42/webapps/manager has finished in 119 ms
30-Mar-2017 07:21:13.715 INFO [localhost-startStop-1] org.apache.catalina.startup.HostConfig.deployDirectory Deploying web application directory /opt/tomcat8/apache-tomcat-8.0.42/webapps/ROOT
30-Mar-2017 07:21:13.771 INFO [localhost-startStop-1] org.apache.catalina.startup.HostConfig.deployDirectory Deployment of web application directory /opt/tomcat8/apache-tomcat-8.0.42/webapps/ROOT has finished in 56 ms
30-Mar-2017 07:21:13.772 INFO [localhost-startStop-1] org.apache.catalina.startup.HostConfig.deployDirectory Deploying web application directory /opt/tomcat8/apache-tomcat-8.0.42/webapps/docs
30-Mar-2017 07:21:13.849 INFO [localhost-startStop-1] org.apache.catalina.startup.HostConfig.deployDirectory Deployment of web application directory /opt/tomcat8/apache-tomcat-8.0.42/webapps/docs has finished in 73 ms
30-Mar-2017 07:21:13.861 INFO [main] org.apache.coyote.AbstractProtocol.start Starting ProtocolHandler ["http-nio-8080"]
30-Mar-2017 07:21:13.905 INFO [main] org.apache.coyote.AbstractProtocol.start Starting ProtocolHandler ["ajp-nio-8009"]
30-Mar-2017 07:21:13.930 INFO [main] org.apache.catalina.startup.Catalina.start Server startup in 3212 ms
30-Mar-2017 07:43:27.165 INFO [main] org.apache.catalina.startup.VersionLoggerListener.log Server version:        Apache Tomcat/8.0.42
30-Mar-2017 07:43:27.184 INFO [main] org.apache.catalina.startup.VersionLoggerListener.log Server built:          Mar 8 2017 19:58:16 UTC
30-Mar-2017 07:43:27.185 INFO [main] org.apache.catalina.startup.VersionLoggerListener.log Server number:         8.0.42.0
30-Mar-2017 07:43:27.191 INFO [main] org.apache.catalina.startup.VersionLoggerListener.log OS Name:               Linux
30-Mar-2017 07:43:27.191 INFO [main] org.apache.catalina.startup.VersionLoggerListener.log OS Version:            3.13.0-98-generic
30-Mar-2017 07:43:27.192 INFO [main] org.apache.catalina.startup.VersionLoggerListener.log Architecture:          amd64
30-Mar-2017 07:43:27.192 INFO [main] org.apache.catalina.startup.VersionLoggerListener.log Java Home:             /usr/lib/jvm/java-8-oracle/jre
30-Mar-2017 07:43:27.192 INFO [main] org.apache.catalina.startup.VersionLoggerListener.log JVM Version:           1.8.0_121-b13
30-Mar-2017 07:43:27.193 INFO [main] org.apache.catalina.startup.VersionLoggerListener.log JVM Vendor:            Oracle Corporation
30-Mar-2017 07:43:27.193 INFO [main] org.apache.catalina.startup.VersionLoggerListener.log CATALINA_BASE:         /opt/tomcat8/apache-tomcat-8.0.42
30-Mar-2017 07:43:27.202 INFO [main] org.apache.catalina.startup.VersionLoggerListener.log CATALINA_HOME:         /opt/tomcat8/apache-tomcat-8.0.42
30-Mar-2017 07:43:27.202 INFO [main] org.apache.catalina.startup.VersionLoggerListener.log Command line argument: -Djava.util.logging.config.file=/opt/tomcat8/apache-tomcat-8.0.42/conf/logging.properties
30-Mar-2017 07:43:27.217 INFO [main] org.apache.catalina.startup.VersionLoggerListener.log Command line argument: -Djava.util.logging.manager=org.apache.juli.ClassLoaderLogManager
30-Mar-2017 07:43:27.218 INFO [main] org.apache.catalina.startup.VersionLoggerListener.log Command line argument: -Djdk.tls.ephemeralDHKeySize=2048
30-Mar-2017 07:43:27.224 INFO [main] org.apache.catalina.startup.VersionLoggerListener.log Command line argument: -Djava.protocol.handler.pkgs=org.apache.catalina.webresources
30-Mar-2017 07:43:27.225 INFO [main] org.apache.catalina.startup.VersionLoggerListener.log Command line argument: -Djava.endorsed.dirs=/opt/tomcat8/apache-tomcat-8.0.42/endorsed
30-Mar-2017 07:43:27.225 INFO [main] org.apache.catalina.startup.VersionLoggerListener.log Command line argument: -Dcatalina.base=/opt/tomcat8/apache-tomcat-8.0.42
30-Mar-2017 07:43:27.234 INFO [main] org.apache.catalina.startup.VersionLoggerListener.log Command line argument: -Dcatalina.home=/opt/tomcat8/apache-tomcat-8.0.42
30-Mar-2017 07:43:27.235 INFO [main] org.apache.catalina.startup.VersionLoggerListener.log Command line argument: -Djava.io.tmpdir=/opt/tomcat8/apache-tomcat-8.0.42/temp
30-Mar-2017 07:43:27.236 INFO [main] org.apache.catalina.core.AprLifecycleListener.lifecycleEvent The APR based Apache Tomcat Native library which allows optimal performance in production environments was not found on the java.library.path: /usr/java/packages/lib/amd64:/usr/lib64:/lib64:/lib:/usr/lib
30-Mar-2017 07:43:28.679 INFO [main] org.apache.coyote.AbstractProtocol.init Initializing ProtocolHandler ["http-nio-8080"]
30-Mar-2017 07:43:28.863 INFO [main] org.apache.tomcat.util.net.NioSelectorPool.getSharedSelector Using a shared selector for servlet write/read
30-Mar-2017 07:43:28.884 INFO [main] org.apache.coyote.AbstractProtocol.init Initializing ProtocolHandler ["ajp-nio-8009"]
30-Mar-2017 07:43:28.912 INFO [main] org.apache.tomcat.util.net.NioSelectorPool.getSharedSelector Using a shared selector for servlet write/read
30-Mar-2017 07:43:28.919 INFO [main] org.apache.catalina.startup.Catalina.load Initialization processed in 6182 ms
30-Mar-2017 07:43:29.194 INFO [main] org.apache.catalina.core.StandardService.startInternal Starting service Catalina
30-Mar-2017 07:43:29.196 INFO [main] org.apache.catalina.core.StandardEngine.startInternal Starting Servlet Engine: Apache Tomcat/8.0.42
30-Mar-2017 07:43:29.282 INFO [localhost-startStop-1] org.apache.catalina.startup.HostConfig.deployDirectory Deploying web application directory /opt/tomcat8/apache-tomcat-8.0.42/webapps/examples
30-Mar-2017 07:43:35.085 INFO [localhost-startStop-1] org.apache.catalina.startup.HostConfig.deployDirectory Deployment of web application directory /opt/tomcat8/apache-tomcat-8.0.42/webapps/examples has finished in 5,802 ms
30-Mar-2017 07:43:35.086 INFO [localhost-startStop-1] org.apache.catalina.startup.HostConfig.deployDirectory Deploying web application directory /opt/tomcat8/apache-tomcat-8.0.42/webapps/host-manager
30-Mar-2017 07:43:35.374 INFO [localhost-startStop-1] org.apache.catalina.startup.HostConfig.deployDirectory Deployment of web application directory /opt/tomcat8/apache-tomcat-8.0.42/webapps/host-manager has finished in 288 ms
30-Mar-2017 07:43:35.382 INFO [localhost-startStop-1] org.apache.catalina.startup.HostConfig.deployDirectory Deploying web application directory /opt/tomcat8/apache-tomcat-8.0.42/webapps/manager
30-Mar-2017 07:43:35.746 INFO [localhost-startStop-1] org.apache.catalina.startup.HostConfig.deployDirectory Deployment of web application directory /opt/tomcat8/apache-tomcat-8.0.42/webapps/manager has finished in 364 ms
30-Mar-2017 07:43:35.747 INFO [localhost-startStop-1] org.apache.catalina.startup.HostConfig.deployDirectory Deploying web application directory /opt/tomcat8/apache-tomcat-8.0.42/webapps/ROOT
30-Mar-2017 07:43:35.913 INFO [localhost-startStop-1] org.apache.catalina.startup.HostConfig.deployDirectory Deployment of web application directory /opt/tomcat8/apache-tomcat-8.0.42/webapps/ROOT has finished in 165 ms
30-Mar-2017 07:43:35.924 INFO [localhost-startStop-1] org.apache.catalina.startup.HostConfig.deployDirectory Deploying web application directory /opt/tomcat8/apache-tomcat-8.0.42/webapps/docs
30-Mar-2017 07:43:36.070 INFO [localhost-startStop-1] org.apache.catalina.startup.HostConfig.deployDirectory Deployment of web application directory /opt/tomcat8/apache-tomcat-8.0.42/webapps/docs has finished in 146 ms
30-Mar-2017 07:43:36.106 INFO [main] org.apache.coyote.AbstractProtocol.start Starting ProtocolHandler ["http-nio-8080"]
30-Mar-2017 07:43:36.195 INFO [main] org.apache.coyote.AbstractProtocol.start Starting ProtocolHandler ["ajp-nio-8009"]
30-Mar-2017 07:43:36.235 INFO [main] org.apache.catalina.startup.Catalina.start Server startup in 7314 ms
30-Mar-2017 07:49:31.236 INFO [http-nio-8080-exec-6] org.apache.catalina.startup.HostConfig.deployWAR Deploying web application archive /opt/tomcat8/apache-tomcat-8.0.42/webapps/EndavaBlog.war
30-Mar-2017 07:49:35.372 INFO [http-nio-8080-exec-6] org.apache.jasper.servlet.TldScanner.scanJars At least one JAR was scanned for TLDs yet contained no TLDs. Enable debug logging for this logger for a complete list of JARs that were scanned but no TLDs were found in them. Skipping unneeded JARs during scanning can improve startup time and JSP compilation time.
30-Mar-2017 07:49:46.586 INFO [http-nio-8080-exec-6] org.apache.catalina.startup.HostConfig.deployWAR Deployment of web application archive /opt/tomcat8/apache-tomcat-8.0.42/webapps/EndavaBlog.war has finished in 15,349 ms
30-Mar-2017 08:53:40.734 INFO [main] org.apache.catalina.startup.VersionLoggerListener.log Server version:        Apache Tomcat/8.0.42
30-Mar-2017 08:53:40.754 INFO [main] org.apache.catalina.startup.VersionLoggerListener.log Server built:          Mar 8 2017 19:58:16 UTC
30-Mar-2017 08:53:40.755 INFO [main] org.apache.catalina.startup.VersionLoggerListener.log Server number:         8.0.42.0
30-Mar-2017 08:53:40.760 INFO [main] org.apache.catalina.startup.VersionLoggerListener.log OS Name:               Linux
30-Mar-2017 08:53:40.763 INFO [main] org.apache.catalina.startup.VersionLoggerListener.log OS Version:            3.13.0-98-generic
30-Mar-2017 08:53:40.766 INFO [main] org.apache.catalina.startup.VersionLoggerListener.log Architecture:          amd64
30-Mar-2017 08:53:40.799 INFO [main] org.apache.catalina.startup.VersionLoggerListener.log Java Home:             /usr/lib/jvm/java-8-oracle/jre
30-Mar-2017 08:53:40.800 INFO [main] org.apache.catalina.startup.VersionLoggerListener.log JVM Version:           1.8.0_121-b13
30-Mar-2017 08:53:40.801 INFO [main] org.apache.catalina.startup.VersionLoggerListener.log JVM Vendor:            Oracle Corporation
30-Mar-2017 08:53:40.802 INFO [main] org.apache.catalina.startup.VersionLoggerListener.log CATALINA_BASE:         /opt/tomcat8/apache-tomcat-8.0.42
30-Mar-2017 08:53:40.804 INFO [main] org.apache.catalina.startup.VersionLoggerListener.log CATALINA_HOME:         /opt/tomcat8/apache-tomcat-8.0.42
30-Mar-2017 08:53:40.805 INFO [main] org.apache.catalina.startup.VersionLoggerListener.log Command line argument: -Djava.util.logging.config.file=/opt/tomcat8/apache-tomcat-8.0.42/conf/logging.properties
30-Mar-2017 08:53:40.820 INFO [main] org.apache.catalina.startup.VersionLoggerListener.log Command line argument: -Djava.util.logging.manager=org.apache.juli.ClassLoaderLogManager
30-Mar-2017 08:53:40.821 INFO [main] org.apache.catalina.startup.VersionLoggerListener.log Command line argument: -Djdk.tls.ephemeralDHKeySize=2048
30-Mar-2017 08:53:40.822 INFO [main] org.apache.catalina.startup.VersionLoggerListener.log Command line argument: -Djava.protocol.handler.pkgs=org.apache.catalina.webresources
30-Mar-2017 08:53:40.832 INFO [main] org.apache.catalina.startup.VersionLoggerListener.log Command line argument: -Djava.endorsed.dirs=/opt/tomcat8/apache-tomcat-8.0.42/endorsed
30-Mar-2017 08:53:40.833 INFO [main] org.apache.catalina.startup.VersionLoggerListener.log Command line argument: -Dcatalina.base=/opt/tomcat8/apache-tomcat-8.0.42
30-Mar-2017 08:53:40.833 INFO [main] org.apache.catalina.startup.VersionLoggerListener.log Command line argument: -Dcatalina.home=/opt/tomcat8/apache-tomcat-8.0.42
30-Mar-2017 08:53:40.839 INFO [main] org.apache.catalina.startup.VersionLoggerListener.log Command line argument: -Djava.io.tmpdir=/opt/tomcat8/apache-tomcat-8.0.42/temp
30-Mar-2017 08:53:40.841 INFO [main] org.apache.catalina.core.AprLifecycleListener.lifecycleEvent The APR based Apache Tomcat Native library which allows optimal performance in production environments was not found on the java.library.path: /usr/java/packages/lib/amd64:/usr/lib64:/lib64:/lib:/usr/lib
30-Mar-2017 08:53:42.350 INFO [main] org.apache.coyote.AbstractProtocol.init Initializing ProtocolHandler ["http-nio-8080"]
30-Mar-2017 08:53:42.540 INFO [main] org.apache.tomcat.util.net.NioSelectorPool.getSharedSelector Using a shared selector for servlet write/read
30-Mar-2017 08:53:42.557 INFO [main] org.apache.coyote.AbstractProtocol.init Initializing ProtocolHandler ["ajp-nio-8009"]
30-Mar-2017 08:53:42.568 INFO [main] org.apache.tomcat.util.net.NioSelectorPool.getSharedSelector Using a shared selector for servlet write/read
30-Mar-2017 08:53:42.580 INFO [main] org.apache.catalina.startup.Catalina.load Initialization processed in 6888 ms
30-Mar-2017 08:53:42.890 INFO [main] org.apache.catalina.core.StandardService.startInternal Starting service Catalina
30-Mar-2017 08:53:42.904 INFO [main] org.apache.catalina.core.StandardEngine.startInternal Starting Servlet Engine: Apache Tomcat/8.0.42
30-Mar-2017 08:53:43.004 INFO [localhost-startStop-1] org.apache.catalina.startup.HostConfig.deployDirectory Deploying web application directory /opt/tomcat8/apache-tomcat-8.0.42/webapps/examples
30-Mar-2017 08:53:49.343 INFO [localhost-startStop-1] org.apache.catalina.util.SessionIdGeneratorBase.createSecureRandom Creation of SecureRandom instance for session ID generation using [SHA1PRNG] took [102] milliseconds.
30-Mar-2017 08:53:49.698 INFO [localhost-startStop-1] org.apache.catalina.startup.HostConfig.deployDirectory Deployment of web application directory /opt/tomcat8/apache-tomcat-8.0.42/webapps/examples has finished in 6,693 ms
30-Mar-2017 08:53:49.719 INFO [localhost-startStop-1] org.apache.catalina.startup.HostConfig.deployDirectory Deploying web application directory /opt/tomcat8/apache-tomcat-8.0.42/webapps/host-manager
30-Mar-2017 08:53:50.168 INFO [localhost-startStop-1] org.apache.catalina.startup.HostConfig.deployDirectory Deployment of web application directory /opt/tomcat8/apache-tomcat-8.0.42/webapps/host-manager has finished in 439 ms
30-Mar-2017 08:53:50.187 INFO [localhost-startStop-1] org.apache.catalina.startup.HostConfig.deployDirectory Deploying web application directory /opt/tomcat8/apache-tomcat-8.0.42/webapps/manager
30-Mar-2017 08:53:50.576 INFO [localhost-startStop-1] org.apache.catalina.startup.HostConfig.deployDirectory Deployment of web application directory /opt/tomcat8/apache-tomcat-8.0.42/webapps/manager has finished in 389 ms
30-Mar-2017 08:53:50.577 INFO [localhost-startStop-1] org.apache.catalina.startup.HostConfig.deployDirectory Deploying web application directory /opt/tomcat8/apache-tomcat-8.0.42/webapps/ROOT
30-Mar-2017 08:53:50.760 INFO [localhost-startStop-1] org.apache.catalina.startup.HostConfig.deployDirectory Deployment of web application directory /opt/tomcat8/apache-tomcat-8.0.42/webapps/ROOT has finished in 177 ms
30-Mar-2017 08:53:50.761 INFO [localhost-startStop-1] org.apache.catalina.startup.HostConfig.deployDirectory Deploying web application directory /opt/tomcat8/apache-tomcat-8.0.42/webapps/docs
30-Mar-2017 08:53:50.920 INFO [localhost-startStop-1] org.apache.catalina.startup.HostConfig.deployDirectory Deployment of web application directory /opt/tomcat8/apache-tomcat-8.0.42/webapps/docs has finished in 158 ms
30-Mar-2017 08:53:50.957 INFO [main] org.apache.coyote.AbstractProtocol.start Starting ProtocolHandler ["http-nio-8080"]
30-Mar-2017 08:53:51.047 INFO [main] org.apache.coyote.AbstractProtocol.start Starting ProtocolHandler ["ajp-nio-8009"]
30-Mar-2017 08:53:51.075 INFO [main] org.apache.catalina.startup.Catalina.start Server startup in 8495 ms
30-Mar-2017 08:58:03.256 INFO [http-nio-8080-exec-5] org.apache.catalina.startup.HostConfig.deployWAR Deploying web application archive /opt/tomcat8/apache-tomcat-8.0.42/webapps/EndavaBlog.war
30-Mar-2017 08:58:07.550 INFO [http-nio-8080-exec-5] org.apache.jasper.servlet.TldScanner.scanJars At least one JAR was scanned for TLDs yet contained no TLDs. Enable debug logging for this logger for a complete list of JARs that were scanned but no TLDs were found in them. Skipping unneeded JARs during scanning can improve startup time and JSP compilation time.
30-Mar-2017 08:58:18.858 INFO [http-nio-8080-exec-5] org.apache.catalina.startup.HostConfig.deployWAR Deployment of web application archive /opt/tomcat8/apache-tomcat-8.0.42/webapps/EndavaBlog.war has finished in 15,601 ms
30-Mar-2017 08:59:11.905 INFO [main] org.apache.catalina.core.StandardServer.await A valid shutdown command was received via the shutdown port. Stopping the Server instance.
30-Mar-2017 08:59:11.908 INFO [main] org.apache.coyote.AbstractProtocol.pause Pausing ProtocolHandler ["http-nio-8080"]
30-Mar-2017 08:59:11.922 INFO [main] org.apache.coyote.AbstractProtocol.pause Pausing ProtocolHandler ["ajp-nio-8009"]
30-Mar-2017 08:59:11.923 INFO [main] org.apache.catalina.core.StandardService.stopInternal Stopping service Catalina
30-Mar-2017 08:59:12.250 INFO [main] org.apache.coyote.AbstractProtocol.stop Stopping ProtocolHandler ["http-nio-8080"]
30-Mar-2017 08:59:12.255 INFO [main] org.apache.coyote.AbstractProtocol.stop Stopping ProtocolHandler ["ajp-nio-8009"]
30-Mar-2017 08:59:12.258 INFO [main] org.apache.coyote.AbstractProtocol.destroy Destroying ProtocolHandler ["http-nio-8080"]
30-Mar-2017 08:59:12.264 INFO [main] org.apache.coyote.AbstractProtocol.destroy Destroying ProtocolHandler ["ajp-nio-8009"]
